This is e-TeX, Version 3.141592-2.1 (MiKTeX 2.4) (preloaded format=latex 2020.1.1)  4 JAN 2021 15:45
entering extended mode
**ord.tex
(ord.tex
LaTeX2e <2001/06/01>
Babel <v3.7m> and hyphenation patterns for english, russian, ukrainian, dumylan
g, nohyphenation, loaded.
(D:\texmf\tex\latex\base\article.cls
Document Class: article 2001/04/21 v1.4e Standard LaTeX document class
(D:\texmf\tex\latex\base\size12.clo
File: size12.clo 2001/04/21 v1.4e Standard LaTeX file (size option)
)
\c@part=\count79
\c@section=\count80
\c@subsection=\count81
\c@subsubsection=\count82
\c@paragraph=\count83
\c@subparagraph=\count84
\c@figure=\count85
\c@table=\count86
\abovecaptionskip=\skip41
\belowcaptionskip=\skip42
\bibindent=\dimen102
) (D:\texmf\tex\latex\base\inputenc.sty
Package: inputenc 2001/07/10 v0.99a Input encoding file 

(D:\texmf\tex\latex\cyrillic\cp1251.def
File: cp1251.def 1999/11/16 v1.0d Input encoding file
)) (D:\texmf\tex\generic\babel\babel.sty
Package: babel 2003/11/16 v3.7m The Babel package
(D:\texmf\tex\generic\babel\english.ldf
Language: english 2003/11/17 v3.3m English support from the babel system
 (D:\texmf\tex\generic\babel\babel.def
File: babel.def 2003/11/16 v3.7m Babel common definitions
\babel@savecnt=\count87
\U@D=\dimen103
)
\l@canadian = a dialect from \language\l@english 
)) (D:\texmf\tex\latex\amsfonts\amssymb.sty
Package: amssymb 2002/01/22 v2.2d

(D:\texmf\tex\latex\amsfonts\amsfonts.sty
Package: amsfonts 2001/10/25 v2.2f
\@emptytoks=\toks14
\symAMSa=\mathgroup4
\symAMSb=\mathgroup5
LaTeX Font Info:    Overwriting math alphabet `\mathfrak' in version `bold'
(Font)                  U/euf/m/n --> U/euf/b/n on input line 132.
))
(D:\texmf\tex\latex\amscls\amsthm.sty
Package: amsthm 2000/10/26 v2.08
\thm@style=\toks15
\thm@bodyfont=\toks16
\thm@headfont=\toks17
\thm@notefont=\toks18
\thm@headpunct=\toks19
\thm@preskip=\skip43
\thm@postskip=\skip44
\thm@headsep=\skip45
\dth@everypar=\toks20
) (D:\texmf\tex\latex\amsmath\amsmath.sty
Package: amsmath 2000/07/18 v2.13 AMS math features
\@mathmargin=\skip46

For additional information on amsmath, use the `?' option.
(D:\texmf\tex\latex\amsmath\amstext.sty
Package: amstext 2000/06/29 v2.01
 (D:\texmf\tex\latex\amsmath\amsgen.sty
File: amsgen.sty 1999/11/30 v2.0
\@emptytoks=\toks21
\ex@=\dimen104
)) (D:\texmf\tex\latex\amsmath\amsbsy.sty
Package: amsbsy 1999/11/29 v1.2d
\pmbraise@=\dimen105
)
(D:\texmf\tex\latex\amsmath\amsopn.sty
Package: amsopn 1999/12/14 v2.01 operator names
)
\inf@bad=\count88
LaTeX Info: Redefining \frac on input line 211.
\uproot@=\count89
\leftroot@=\count90
LaTeX Info: Redefining \overline on input line 307.
\classnum@=\count91
\DOTSCASE@=\count92
LaTeX Info: Redefining \ldots on input line 379.
LaTeX Info: Redefining \dots on input line 382.
LaTeX Info: Redefining \cdots on input line 467.
\Mathstrutbox@=\box26
\strutbox@=\box27
\big@size=\dimen106
LaTeX Font Info:    Redeclaring font encoding OML on input line 567.
LaTeX Font Info:    Redeclaring font encoding OMS on input line 568.
\macc@depth=\count93
\c@MaxMatrixCols=\count94
\dotsspace@=\muskip10
\c@parentequation=\count95
\dspbrk@lvl=\count96
\tag@help=\toks22
\row@=\count97
\column@=\count98
\maxfields@=\count99
\andhelp@=\toks23
\eqnshift@=\dimen107
\alignsep@=\dimen108
\tagshift@=\dimen109
\tagwidth@=\dimen110
\totwidth@=\dimen111
\lineht@=\dimen112
\@envbody=\toks24
\multlinegap=\skip47
\multlinetaggap=\skip48
\mathdisplay@stack=\toks25
LaTeX Info: Redefining \[ on input line 2666.
LaTeX Info: Redefining \] on input line 2667.
)
(D:\texmf\tex\latex\graphics\graphicx.sty
Package: graphicx 1999/02/16 v1.0f Enhanced LaTeX Graphics (DPC,SPQR)

(D:\texmf\tex\latex\graphics\keyval.sty
Package: keyval 1999/03/16 v1.13 key=value parser (DPC)
\KV@toks@=\toks26
)
(D:\texmf\tex\latex\graphics\graphics.sty
Package: graphics 2001/07/07 v1.0n Standard LaTeX Graphics (DPC,SPQR)
 (D:\texmf\tex\latex\graphics\trig.sty
Package: trig 1999/03/16 v1.09 sin cos tan (DPC)
) (D:\texmf\tex\latex\00miktex\graphics.cfg
File: graphics.cfg 2003/03/12 v1.1 MiKTeX 'graphics' configuration
)
Package graphics Info: Driver file: dvips.def on input line 80.

(D:\texmf\tex\latex\graphics\dvips.def
File: dvips.def 1999/02/16 v3.0i Driver-dependant file (DPC,SPQR)
))
\Gin@req@height=\dimen113
\Gin@req@width=\dimen114
) (ord.aux)
LaTeX Font Info:    Checking defaults for OML/cmm/m/it on input line 15.
LaTeX Font Info:    ... okay on input line 15.
LaTeX Font Info:    Checking defaults for T1/cmr/m/n on input line 15.
LaTeX Font Info:    ... okay on input line 15.
LaTeX Font Info:    Checking defaults for OT1/cmr/m/n on input line 15.
LaTeX Font Info:    ... okay on input line 15.
LaTeX Font Info:    Checking defaults for OMS/cmsy/m/n on input line 15.
LaTeX Font Info:    ... okay on input line 15.
LaTeX Font Info:    Checking defaults for OMX/cmex/m/n on input line 15.
LaTeX Font Info:    ... okay on input line 15.
LaTeX Font Info:    Checking defaults for U/cmr/m/n on input line 15.
LaTeX Font Info:    ... okay on input line 15.
LaTeX Font Info:    Try loading font information for U+msa on input line 32.

(D:\texmf\tex\latex\amsfonts\umsa.fd
File: umsa.fd 2002/01/19 v2.2g AMS font definitions
)
LaTeX Font Info:    Try loading font information for U+msb on input line 32.
 (D:\texmf\tex\latex\amsfonts\umsb.fd
File: umsb.fd 2002/01/19 v2.2g AMS font definitions
)
File: ./imgs/pic1.eps Graphic file (type eps)

<./imgs/pic1.eps>
LaTeX Font Info:    Try loading font information for OML+cmr on input line 50.
 (D:\texmf\tex\latex\base\omlcmr.fd
File: omlcmr.fd 1999/05/25 v2.5h Standard LaTeX font definitions
)
LaTeX Font Info:    Font shape `OML/cmr/m/n' in size <12> not available
(Font)              Font shape `OML/cmm/m/it' tried instead on input line 50.

Underfull \hbox (badness 10000) in paragraph at lines 52--53

 []

[1

]
File: ./imgs/pic2.eps Graphic file (type eps)
 <./imgs/pic2.eps>
File: ./imgs/pic3.eps Graphic file (type eps)
 <./imgs/pic3.eps> [2]
Underfull \hbox (badness 10000) in paragraph at lines 135--136

 []


Underfull \hbox (badness 10000) in paragraph at lines 137--141

 []

[3]
Underfull \hbox (badness 10000) in paragraph at lines 153--154

 []

[4]
File: ./imgs/pic4.eps Graphic file (type eps)
 <./imgs/pic4.eps> [5]
File: ./imgs/pic5.eps Graphic file (type eps)
 <./imgs/pic5.eps>
Underfull \hbox (badness 10000) in paragraph at lines 275--279

 []

[6]
File: ./imgs/pic6.eps Graphic file (type eps)
 <./imgs/pic6.eps> [7]
Underfull \hbox (badness 10000) in paragraph at lines 345--348

 []

[8]
Underfull \hbox (badness 10000) in paragraph at lines 357--370
\OT1/cmr/m/n/12 COLUNA(B2));0)\OML/cmm/m/it/12 <>\OT1/cmr/m/n/12 INDIRETO(CONCA
TENAR(``R";C2+1;``C";
 []


Underfull \hbox (badness 10000) in paragraph at lines 357--370
\OT1/cmr/m/n/12 COLUNA(B2));0));SE(D2\OML/cmm/m/it/12 <>\OT1/cmr/m/n/12 -1;-1;L
INHA(B3));C2+1);SE(C2\OML/cmm/m/it/12 <>\OT1/cmr/m/n/12 -1;C2;SE(SE(D2=
 []

[9]
Underfull \hbox (badness 10000) in paragraph at lines 406--412
\OT1/cmr/m/n/12 INDIRETO(CONCATENAR(``R";SE(C2=-1;D2;SE(D2=-1;C2;
 []

[10] (ord.aux) ) 
Here is how much of TeX's memory you used:
 2037 strings out of 95717
 20541 string characters out of 1193517
 74460 words of memory out of 1072354
 4932 multiletter control sequences out of 35000
 9815 words of font info for 37 fonts, out of 500000 for 1000
 198 hyphenation exceptions out of 607
 27i,10n,24p,220b,280s stack positions out of 1500i,500n,5000p,200000b,32768s

Output written on ord.dvi (10 pages, 14684 bytes).
